<?xml version="1.0" encoding="UTF-8"?>
<!-- Generated by org.testng.reporters.JUnitReportReporter -->
<testsuite hostname="DESKTOP-L3U3DAD" failures="0" tests="3" name="codenboxautomationlab1.codenboxautomationlab1.AppTest" time="0.242" errors="0" timestamp="2025-04-21T20:40:31 GMT+03:00" skipped="2">
  <testcase classname="codenboxautomationlab1.codenboxautomationlab1.AppTest" name="Static_Dropdown" time="0.242"/>
  <testcase classname="codenboxautomationlab1.codenboxautomationlab1.AppTest" name="RadioButton">
    <skipped/>
  </testcase> <!-- RadioButton -->
  <testcase classname="codenboxautomationlab1.codenboxautomationlab1.AppTest" name="Dynamic_Dropdown">
    <skipped/>
  </testcase> <!-- Dynamic_Dropdown -->
</testsuite> <!-- codenboxautomationlab1.codenboxautomationlab1.AppTest -->
