<?xml version="1.0" encoding="UTF-8"?>
<!-- Generated by org.testng.reporters.JUnitReportReporter -->
<testsuite hostname="DESKTOP-L3U3DAD" failures="0" tests="9" name="codenboxautomationlab1.codenboxautomationlab1.AppTest" time="2.410" errors="0" timestamp="2025-04-25T23:02:26 GMT+03:00" skipped="8">
  <testcase classname="codenboxautomationlab1.codenboxautomationlab1.AppTest" name="HideAndShow" time="2.410"/>
  <testcase classname="codenboxautomationlab1.codenboxautomationlab1.AppTest" name="RadioButton">
    <skipped/>
  </testcase> <!-- RadioButton -->
  <testcase classname="codenboxautomationlab1.codenboxautomationlab1.AppTest" name="SwitchWindow">
    <skipped/>
  </testcase> <!-- SwitchWindow -->
  <testcase classname="codenboxautomationlab1.codenboxautomationlab1.AppTest" name="Static_Dropdown">
    <skipped/>
  </testcase> <!-- Static_Dropdown -->
  <testcase classname="codenboxautomationlab1.codenboxautomationlab1.AppTest" name="AlertTest">
    <skipped/>
  </testcase> <!-- AlertTest -->
  <testcase classname="codenboxautomationlab1.codenboxautomationlab1.AppTest" name="CheckBoxTag">
    <skipped/>
  </testcase> <!-- CheckBoxTag -->
  <testcase classname="codenboxautomationlab1.codenboxautomationlab1.AppTest" name="Dynamic_Dropdown">
    <skipped/>
  </testcase> <!-- Dynamic_Dropdown -->
  <testcase classname="codenboxautomationlab1.codenboxautomationlab1.AppTest" name="SwitchTab">
    <skipped/>
  </testcase> <!-- SwitchTab -->
  <testcase classname="codenboxautomationlab1.codenboxautomationlab1.AppTest" name="TableTest">
    <skipped/>
  </testcase> <!-- TableTest -->
</testsuite> <!-- codenboxautomationlab1.codenboxautomationlab1.AppTest -->
